{"C:\\Code\\webapp2\\src\\app.ts": {"path":"C:\\Code\\webapp2\\src\\app.ts","statementMap":{"0":{"start":{"line":1,"column":0},"end":{"line":1,"column":25}},"1":{"start":{"line":2,"column":0},"end":{"line":2,"column":13}},"2":{"start":{"line":3,"column":0},"end":{"line":3,"column":43}},"3":{"start":{"line":4,"column":0},"end":{"line":4,"column":32}},"4":{"start":{"line":5,"column":0},"end":{"line":5,"column":37}},"5":{"start":{"line":6,"column":0},"end":{"line":6,"column":50}},"6":{"start":{"line":7,"column":0},"end":{"line":7,"column":59}},"7":{"start":{"line":8,"column":0},"end":{"line":8,"column":44}},"8":{"start":{"line":9,"column":0},"end":{"line":9,"column":44}},"9":{"start":{"line":10,"column":0},"end":{"line":10,"column":52}},"10":{"start":{"line":12,"column":16},"end":{"line":39,"column":1}},"11":{"start":{"line":13,"column":18},"end":{"line":37,"column":4}},"12":{"start":{"line":14,"column":15},"end":{"line":14,"column":34}},"13":{"start":{"line":15,"column":4},"end":{"line":15,"column":64}},"14":{"start":{"line":15,"column":26},"end":{"line":15,"column":62}},"15":{"start":{"line":16,"column":4},"end":{"line":16,"column":52}},"16":{"start":{"line":16,"column":30},"end":{"line":16,"column":50}},"17":{"start":{"line":17,"column":16},"end":{"line":17,"column":34}},"18":{"start":{"line":18,"column":4},"end":{"line":36,"column":7}},"19":{"start":{"line":19,"column":18},"end":{"line":19,"column":27}},"20":{"start":{"line":20,"column":6},"end":{"line":20,"column":33}},"21":{"start":{"line":21,"column":6},"end":{"line":21,"column":57}},"22":{"start":{"line":22,"column":6},"end":{"line":28,"column":null}},"23":{"start":{"line":23,"column":8},"end":{"line":23,"column":55}},"24":{"start":{"line":24,"column":8},"end":{"line":24,"column":56}},"25":{"start":{"line":25,"column":8},"end":{"line":25,"column":56}},"26":{"start":{"line":26,"column":8},"end":{"line":26,"column":63}},"27":{"start":{"line":27,"column":8},"end":{"line":27,"column":15}},"28":{"start":{"line":29,"column":6},"end":{"line":29,"column":41}},"29":{"start":{"line":30,"column":6},"end":{"line":30,"column":48}},"30":{"start":{"line":31,"column":6},"end":{"line":31,"column":34}},"31":{"start":{"line":32,"column":6},"end":{"line":32,"column":42}},"32":{"start":{"line":33,"column":6},"end":{"line":33,"column":34}},"33":{"start":{"line":34,"column":6},"end":{"line":34,"column":51}},"34":{"start":{"line":35,"column":6},"end":{"line":35,"column":19}},"35":{"start":{"line":38,"column":2},"end":{"line":38,"column":17}},"36":{"start":{"line":41,"column":0},"end":{"line":41,"column":23}}},"fnMap":{"0":{"name":"(anonymous_1)","decl":{"start":{"line":12,"column":16},"end":{"line":12,"column":37}},"loc":{"start":{"line":12,"column":39},"end":{"line":39,"column":1}}},"1":{"name":"(anonymous_2)","decl":{"start":{"line":13,"column":39},"end":{"line":13,"column":40}},"loc":{"start":{"line":13,"column":51},"end":{"line":37,"column":3}}},"2":{"name":"(anonymous_3)","decl":{"start":{"line":15,"column":20},"end":{"line":15,"column":23}},"loc":{"start":{"line":15,"column":26},"end":{"line":15,"column":62}}},"3":{"name":"(anonymous_4)","decl":{"start":{"line":16,"column":19},"end":{"line":16,"column":20}},"loc":{"start":{"line":16,"column":30},"end":{"line":16,"column":50}}},"4":{"name":"(anonymous_5)","decl":{"start":{"line":18,"column":32},"end":{"line":18,"column":35}},"loc":{"start":{"line":18,"column":37},"end":{"line":36,"column":5}}},"5":{"name":"(anonymous_6)","decl":{"start":{"line":22,"column":14},"end":{"line":22,"column":15}},"loc":{"start":{"line":22,"column":33},"end":{"line":28,"column":7}}}},"branchMap":{},"s":{"0":3,"1":3,"2":3,"3":3,"4":3,"5":3,"6":3,"7":3,"8":3,"9":3,"10":3,"11":3,"12":3,"13":3,"14":3,"15":3,"16":0,"17":3,"18":3,"19":3,"20":3,"21":3,"22":3,"23":22,"24":22,"25":22,"26":22,"27":22,"28":3,"29":3,"30":3,"31":3,"32":3,"33":3,"34":3,"35":3,"36":3},"f":{"0":3,"1":3,"2":3,"3":0,"4":3,"5":22},"b":{}}
,"C:\\Code\\webapp2\\src\\common\\auth_middleware.ts": {"path":"C:\\Code\\webapp2\\src\\common\\auth_middleware.ts","statementMap":{"0":{"start":{"line":2,"column":0},"end":{"line":2,"column":31}},"1":{"start":{"line":11,"column":23},"end":{"line":25,"column":1}},"2":{"start":{"line":12,"column":4},"end":{"line":12,"column":34}},"3":{"start":{"line":14,"column":23},"end":{"line":14,"column":51}},"4":{"start":{"line":15,"column":4},"end":{"line":15,"column":28}},"5":{"start":{"line":17,"column":18},"end":{"line":17,"column":56}},"6":{"start":{"line":18,"column":4},"end":{"line":18,"column":50}},"7":{"start":{"line":18,"column":23},"end":{"line":18,"column":50}},"8":{"start":{"line":19,"column":4},"end":{"line":24,"column":7}},"9":{"start":{"line":20,"column":8},"end":{"line":20,"column":25}},"10":{"start":{"line":21,"column":8},"end":{"line":21,"column":44}},"11":{"start":{"line":21,"column":17},"end":{"line":21,"column":44}},"12":{"start":{"line":22,"column":8},"end":{"line":22,"column":43}},"13":{"start":{"line":23,"column":8},"end":{"line":23,"column":15}},"14":{"start":{"line":27,"column":0},"end":{"line":27,"column":30}}},"fnMap":{"0":{"name":"(anonymous_1)","decl":{"start":{"line":11,"column":23},"end":{"line":11,"column":24}},"loc":{"start":{"line":11,"column":79},"end":{"line":25,"column":1}}},"1":{"name":"(anonymous_2)","decl":{"start":{"line":19,"column":46},"end":{"line":19,"column":47}},"loc":{"start":{"line":19,"column":60},"end":{"line":24,"column":5}}}},"branchMap":{"0":{"loc":{"start":{"line":17,"column":18},"end":{"line":17,"column":56}},"type":"binary-expr","locations":[{"start":{"line":17,"column":18},"end":{"line":17,"column":28}},{"start":{"line":17,"column":32},"end":{"line":17,"column":56}}]},"1":{"loc":{"start":{"line":18,"column":4},"end":{"line":18,"column":50}},"type":"if","locations":[{"start":{"line":18,"column":4},"end":{"line":18,"column":50}}]},"2":{"loc":{"start":{"line":21,"column":8},"end":{"line":21,"column":44}},"type":"if","locations":[{"start":{"line":21,"column":8},"end":{"line":21,"column":44}}]}},"s":{"0":3,"1":3,"2":10,"3":10,"4":10,"5":10,"6":10,"7":2,"8":8,"9":8,"10":8,"11":2,"12":6,"13":6,"14":3},"f":{"0":10,"1":8},"b":{"0":[10,8],"1":[2],"2":[2]}}
,"C:\\Code\\webapp2\\src\\controllers\\auth_controller.ts": {"path":"C:\\Code\\webapp2\\src\\controllers\\auth_controller.ts","statementMap":{"0":{"start":{"line":2,"column":0},"end":{"line":2,"column":51}},"1":{"start":{"line":3,"column":0},"end":{"line":3,"column":28}},"2":{"start":{"line":4,"column":0},"end":{"line":4,"column":31}},"3":{"start":{"line":5,"column":0},"end":{"line":5,"column":51}},"4":{"start":{"line":8,"column":15},"end":{"line":8,"column":33}},"5":{"start":{"line":9,"column":21},"end":{"line":41,"column":null}},"6":{"start":{"line":9,"column":59},"end":{"line":41,"column":null}},"7":{"start":{"line":10,"column":4},"end":{"line":10,"column":26}},"8":{"start":{"line":11,"column":4},"end":{"line":39,"column":5}},"9":{"start":{"line":12,"column":23},"end":{"line":15,"column":10}},"10":{"start":{"line":16,"column":24},"end":{"line":16,"column":43}},"11":{"start":{"line":17,"column":22},"end":{"line":17,"column":36}},"12":{"start":{"line":18,"column":8},"end":{"line":36,"column":9}},"13":{"start":{"line":19,"column":23},"end":{"line":19,"column":61}},"14":{"start":{"line":20,"column":12},"end":{"line":27,"column":13}},"15":{"start":{"line":21,"column":16},"end":{"line":26,"column":23}},"16":{"start":{"line":28,"column":27},"end":{"line":28,"column":53}},"17":{"start":{"line":29,"column":12},"end":{"line":35,"column":null}},"18":{"start":{"line":38,"column":8},"end":{"line":38,"column":49}},"19":{"start":{"line":43,"column":17},"end":{"line":74,"column":null}},"20":{"start":{"line":43,"column":55},"end":{"line":74,"column":null}},"21":{"start":{"line":44,"column":18},"end":{"line":44,"column":32}},"22":{"start":{"line":45,"column":21},"end":{"line":45,"column":38}},"23":{"start":{"line":46,"column":19},"end":{"line":46,"column":34}},"24":{"start":{"line":47,"column":4},"end":{"line":49,"column":5}},"25":{"start":{"line":48,"column":8},"end":{"line":48,"column":65}},"26":{"start":{"line":50,"column":4},"end":{"line":73,"column":5}},"27":{"start":{"line":51,"column":19},"end":{"line":51,"column":57}},"28":{"start":{"line":52,"column":8},"end":{"line":54,"column":9}},"29":{"start":{"line":53,"column":12},"end":{"line":53,"column":64}},"30":{"start":{"line":55,"column":21},"end":{"line":55,"column":45}},"31":{"start":{"line":56,"column":34},"end":{"line":56,"column":67}},"32":{"start":{"line":57,"column":20},"end":{"line":62,"column":14}},"33":{"start":{"line":63,"column":23},"end":{"line":63,"column":48}},"34":{"start":{"line":64,"column":8},"end":{"line":70,"column":null}},"35":{"start":{"line":72,"column":8},"end":{"line":72,"column":71}},"36":{"start":{"line":76,"column":23},"end":{"line":89,"column":null}},"37":{"start":{"line":76,"column":56},"end":{"line":89,"column":null}},"38":{"start":{"line":77,"column":24},"end":{"line":77,"column":118}},"39":{"start":{"line":78,"column":25},"end":{"line":78,"column":84}},"40":{"start":{"line":79,"column":4},"end":{"line":83,"column":5}},"41":{"start":{"line":80,"column":8},"end":{"line":80,"column":44}},"42":{"start":{"line":82,"column":8},"end":{"line":82,"column":46}},"43":{"start":{"line":84,"column":4},"end":{"line":84,"column":22}},"44":{"start":{"line":85,"column":4},"end":{"line":88,"column":6}},"45":{"start":{"line":91,"column":14},"end":{"line":112,"column":null}},"46":{"start":{"line":91,"column":52},"end":{"line":112,"column":null}},"47":{"start":{"line":92,"column":18},"end":{"line":92,"column":32}},"48":{"start":{"line":93,"column":21},"end":{"line":93,"column":38}},"49":{"start":{"line":94,"column":4},"end":{"line":96,"column":5}},"50":{"start":{"line":95,"column":8},"end":{"line":95,"column":65}},"51":{"start":{"line":97,"column":4},"end":{"line":111,"column":5}},"52":{"start":{"line":98,"column":21},"end":{"line":98,"column":59}},"53":{"start":{"line":99,"column":8},"end":{"line":101,"column":9}},"54":{"start":{"line":100,"column":12},"end":{"line":100,"column":71}},"55":{"start":{"line":102,"column":22},"end":{"line":102,"column":67}},"56":{"start":{"line":103,"column":8},"end":{"line":105,"column":9}},"57":{"start":{"line":104,"column":12},"end":{"line":104,"column":71}},"58":{"start":{"line":107,"column":23},"end":{"line":107,"column":49}},"59":{"start":{"line":108,"column":8},"end":{"line":108,"column":44}},"60":{"start":{"line":110,"column":8},"end":{"line":110,"column":71}},"61":{"start":{"line":114,"column":15},"end":{"line":136,"column":null}},"62":{"start":{"line":114,"column":53},"end":{"line":136,"column":null}},"63":{"start":{"line":115,"column":23},"end":{"line":115,"column":51}},"64":{"start":{"line":116,"column":25},"end":{"line":116,"column":63}},"65":{"start":{"line":117,"column":4},"end":{"line":117,"column":57}},"66":{"start":{"line":117,"column":30},"end":{"line":117,"column":57}},"67":{"start":{"line":118,"column":4},"end":{"line":135,"column":7}},"68":{"start":{"line":118,"column":100},"end":{"line":135,"column":6}},"69":{"start":{"line":119,"column":8},"end":{"line":119,"column":25}},"70":{"start":{"line":120,"column":8},"end":{"line":120,"column":44}},"71":{"start":{"line":120,"column":17},"end":{"line":120,"column":44}},"72":{"start":{"line":121,"column":8},"end":{"line":134,"column":9}},"73":{"start":{"line":122,"column":27},"end":{"line":122,"column":66}},"74":{"start":{"line":123,"column":12},"end":{"line":131,"column":13}},"75":{"start":{"line":124,"column":16},"end":{"line":124,"column":42}},"76":{"start":{"line":125,"column":16},"end":{"line":125,"column":36}},"77":{"start":{"line":126,"column":16},"end":{"line":126,"column":43}},"78":{"start":{"line":128,"column":16},"end":{"line":128,"column":92}},"79":{"start":{"line":128,"column":72},"end":{"line":128,"column":90}},"80":{"start":{"line":129,"column":16},"end":{"line":129,"column":36}},"81":{"start":{"line":130,"column":16},"end":{"line":130,"column":43}},"82":{"start":{"line":133,"column":12},"end":{"line":133,"column":50}},"83":{"start":{"line":138,"column":16},"end":{"line":167,"column":null}},"84":{"start":{"line":138,"column":54},"end":{"line":167,"column":null}},"85":{"start":{"line":139,"column":23},"end":{"line":139,"column":51}},"86":{"start":{"line":140,"column":25},"end":{"line":140,"column":63}},"87":{"start":{"line":141,"column":4},"end":{"line":141,"column":57}},"88":{"start":{"line":141,"column":30},"end":{"line":141,"column":57}},"89":{"start":{"line":142,"column":4},"end":{"line":166,"column":7}},"90":{"start":{"line":142,"column":100},"end":{"line":166,"column":6}},"91":{"start":{"line":143,"column":8},"end":{"line":146,"column":9}},"92":{"start":{"line":144,"column":12},"end":{"line":144,"column":29}},"93":{"start":{"line":145,"column":12},"end":{"line":145,"column":39}},"94":{"start":{"line":147,"column":8},"end":{"line":165,"column":9}},"95":{"start":{"line":148,"column":27},"end":{"line":148,"column":66}},"96":{"start":{"line":149,"column":12},"end":{"line":153,"column":13}},"97":{"start":{"line":150,"column":16},"end":{"line":150,"column":42}},"98":{"start":{"line":151,"column":16},"end":{"line":151,"column":36}},"99":{"start":{"line":152,"column":16},"end":{"line":152,"column":43}},"100":{"start":{"line":154,"column":32},"end":{"line":154,"column":126}},"101":{"start":{"line":155,"column":36},"end":{"line":155,"column":95}},"102":{"start":{"line":156,"column":12},"end":{"line":156,"column":88}},"103":{"start":{"line":156,"column":68},"end":{"line":156,"column":86}},"104":{"start":{"line":157,"column":12},"end":{"line":157,"column":55}},"105":{"start":{"line":158,"column":12},"end":{"line":158,"column":32}},"106":{"start":{"line":159,"column":12},"end":{"line":162,"column":15}},"107":{"start":{"line":164,"column":12},"end":{"line":164,"column":50}},"108":{"start":{"line":169,"column":0},"end":{"line":175,"column":null}}},"fnMap":{"0":{"name":"(anonymous_8)","decl":{"start":{"line":9,"column":21},"end":{"line":9,"column":28}},"loc":{"start":{"line":9,"column":59},"end":{"line":41,"column":null}}},"1":{"name":"(anonymous_9)","decl":{"start":{"line":9,"column":59},"end":{"line":9,"column":null}},"loc":{"start":{"line":9,"column":59},"end":{"line":41,"column":1}}},"2":{"name":"(anonymous_10)","decl":{"start":{"line":43,"column":17},"end":{"line":43,"column":24}},"loc":{"start":{"line":43,"column":55},"end":{"line":74,"column":null}}},"3":{"name":"(anonymous_11)","decl":{"start":{"line":43,"column":55},"end":{"line":43,"column":null}},"loc":{"start":{"line":43,"column":55},"end":{"line":74,"column":1}}},"4":{"name":"(anonymous_12)","decl":{"start":{"line":76,"column":23},"end":{"line":76,"column":30}},"loc":{"start":{"line":76,"column":56},"end":{"line":89,"column":null}}},"5":{"name":"(anonymous_13)","decl":{"start":{"line":76,"column":56},"end":{"line":76,"column":null}},"loc":{"start":{"line":76,"column":56},"end":{"line":89,"column":1}}},"6":{"name":"(anonymous_14)","decl":{"start":{"line":91,"column":14},"end":{"line":91,"column":21}},"loc":{"start":{"line":91,"column":52},"end":{"line":112,"column":null}}},"7":{"name":"(anonymous_15)","decl":{"start":{"line":91,"column":52},"end":{"line":91,"column":null}},"loc":{"start":{"line":91,"column":52},"end":{"line":112,"column":1}}},"8":{"name":"(anonymous_16)","decl":{"start":{"line":114,"column":15},"end":{"line":114,"column":22}},"loc":{"start":{"line":114,"column":53},"end":{"line":136,"column":null}}},"9":{"name":"(anonymous_17)","decl":{"start":{"line":114,"column":53},"end":{"line":114,"column":null}},"loc":{"start":{"line":114,"column":53},"end":{"line":136,"column":1}}},"10":{"name":"(anonymous_18)","decl":{"start":{"line":118,"column":61},"end":{"line":118,"column":68}},"loc":{"start":{"line":118,"column":100},"end":{"line":135,"column":6}}},"11":{"name":"(anonymous_19)","decl":{"start":{"line":118,"column":100},"end":{"line":118,"column":null}},"loc":{"start":{"line":118,"column":100},"end":{"line":135,"column":5}}},"12":{"name":"(anonymous_20)","decl":{"start":{"line":128,"column":67},"end":{"line":128,"column":68}},"loc":{"start":{"line":128,"column":72},"end":{"line":128,"column":90}}},"13":{"name":"(anonymous_21)","decl":{"start":{"line":138,"column":16},"end":{"line":138,"column":23}},"loc":{"start":{"line":138,"column":54},"end":{"line":167,"column":null}}},"14":{"name":"(anonymous_22)","decl":{"start":{"line":138,"column":54},"end":{"line":138,"column":null}},"loc":{"start":{"line":138,"column":54},"end":{"line":167,"column":1}}},"15":{"name":"(anonymous_23)","decl":{"start":{"line":142,"column":61},"end":{"line":142,"column":68}},"loc":{"start":{"line":142,"column":100},"end":{"line":166,"column":6}}},"16":{"name":"(anonymous_24)","decl":{"start":{"line":142,"column":100},"end":{"line":142,"column":null}},"loc":{"start":{"line":142,"column":100},"end":{"line":166,"column":5}}},"17":{"name":"(anonymous_25)","decl":{"start":{"line":156,"column":63},"end":{"line":156,"column":64}},"loc":{"start":{"line":156,"column":68},"end":{"line":156,"column":86}}}},"branchMap":{"0":{"loc":{"start":{"line":17,"column":22},"end":{"line":17,"column":36}},"type":"cond-expr","locations":[{"start":{"line":17,"column":29},"end":{"line":17,"column":31}},{"start":{"line":17,"column":22},"end":{"line":17,"column":36}}]},"1":{"loc":{"start":{"line":17,"column":22},"end":{"line":17,"column":31}},"type":"binary-expr","locations":[{"start":{"line":17,"column":22},"end":{"line":17,"column":31}},{"start":{"line":17,"column":22},"end":{"line":17,"column":31}}]},"2":{"loc":{"start":{"line":18,"column":8},"end":{"line":36,"column":9}},"type":"if","locations":[{"start":{"line":18,"column":8},"end":{"line":36,"column":9}}]},"3":{"loc":{"start":{"line":20,"column":12},"end":{"line":27,"column":13}},"type":"if","locations":[{"start":{"line":20,"column":12},"end":{"line":27,"column":13}}]},"4":{"loc":{"start":{"line":25,"column":34},"end":{"line":25,"column":50}},"type":"cond-expr","locations":[{"start":{"line":25,"column":41},"end":{"line":25,"column":43}},{"start":{"line":25,"column":34},"end":{"line":25,"column":50}}]},"5":{"loc":{"start":{"line":25,"column":34},"end":{"line":25,"column":43}},"type":"binary-expr","locations":[{"start":{"line":25,"column":34},"end":{"line":25,"column":43}},{"start":{"line":25,"column":34},"end":{"line":25,"column":43}}]},"6":{"loc":{"start":{"line":47,"column":4},"end":{"line":49,"column":5}},"type":"if","locations":[{"start":{"line":47,"column":4},"end":{"line":49,"column":5}}]},"7":{"loc":{"start":{"line":47,"column":8},"end":{"line":47,"column":27}},"type":"binary-expr","locations":[{"start":{"line":47,"column":8},"end":{"line":47,"column":14}},{"start":{"line":47,"column":18},"end":{"line":47,"column":27}}]},"8":{"loc":{"start":{"line":52,"column":8},"end":{"line":54,"column":9}},"type":"if","locations":[{"start":{"line":52,"column":8},"end":{"line":54,"column":9}}]},"9":{"loc":{"start":{"line":79,"column":4},"end":{"line":83,"column":5}},"type":"if","locations":[{"start":{"line":79,"column":4},"end":{"line":83,"column":5}},{"start":{"line":81,"column":11},"end":{"line":83,"column":5}}]},"10":{"loc":{"start":{"line":94,"column":4},"end":{"line":96,"column":5}},"type":"if","locations":[{"start":{"line":94,"column":4},"end":{"line":96,"column":5}}]},"11":{"loc":{"start":{"line":94,"column":8},"end":{"line":94,"column":27}},"type":"binary-expr","locations":[{"start":{"line":94,"column":8},"end":{"line":94,"column":14}},{"start":{"line":94,"column":18},"end":{"line":94,"column":27}}]},"12":{"loc":{"start":{"line":99,"column":8},"end":{"line":101,"column":9}},"type":"if","locations":[{"start":{"line":99,"column":8},"end":{"line":101,"column":9}}]},"13":{"loc":{"start":{"line":103,"column":8},"end":{"line":105,"column":9}},"type":"if","locations":[{"start":{"line":103,"column":8},"end":{"line":105,"column":9}}]},"14":{"loc":{"start":{"line":116,"column":25},"end":{"line":116,"column":63}},"type":"binary-expr","locations":[{"start":{"line":116,"column":25},"end":{"line":116,"column":35}},{"start":{"line":116,"column":39},"end":{"line":116,"column":63}}]},"15":{"loc":{"start":{"line":117,"column":4},"end":{"line":117,"column":57}},"type":"if","locations":[{"start":{"line":117,"column":4},"end":{"line":117,"column":57}}]},"16":{"loc":{"start":{"line":120,"column":8},"end":{"line":120,"column":44}},"type":"if","locations":[{"start":{"line":120,"column":8},"end":{"line":120,"column":44}}]},"17":{"loc":{"start":{"line":123,"column":12},"end":{"line":131,"column":13}},"type":"if","locations":[{"start":{"line":123,"column":12},"end":{"line":131,"column":13}},{"start":{"line":127,"column":19},"end":{"line":131,"column":13}}]},"18":{"loc":{"start":{"line":123,"column":16},"end":{"line":123,"column":85}},"type":"binary-expr","locations":[{"start":{"line":123,"column":16},"end":{"line":123,"column":37}},{"start":{"line":123,"column":41},"end":{"line":123,"column":85}}]},"19":{"loc":{"start":{"line":140,"column":25},"end":{"line":140,"column":63}},"type":"binary-expr","locations":[{"start":{"line":140,"column":25},"end":{"line":140,"column":35}},{"start":{"line":140,"column":39},"end":{"line":140,"column":63}}]},"20":{"loc":{"start":{"line":141,"column":4},"end":{"line":141,"column":57}},"type":"if","locations":[{"start":{"line":141,"column":4},"end":{"line":141,"column":57}}]},"21":{"loc":{"start":{"line":143,"column":8},"end":{"line":146,"column":9}},"type":"if","locations":[{"start":{"line":143,"column":8},"end":{"line":146,"column":9}}]},"22":{"loc":{"start":{"line":149,"column":12},"end":{"line":153,"column":13}},"type":"if","locations":[{"start":{"line":149,"column":12},"end":{"line":153,"column":13}}]},"23":{"loc":{"start":{"line":149,"column":16},"end":{"line":149,"column":85}},"type":"binary-expr","locations":[{"start":{"line":149,"column":16},"end":{"line":149,"column":37}},{"start":{"line":149,"column":41},"end":{"line":149,"column":85}}]}},"s":{"0":3,"1":3,"2":3,"3":3,"4":3,"5":3,"6":0,"7":0,"8":0,"9":0,"10":0,"11":0,"12":0,"13":0,"14":0,"15":0,"16":0,"17":0,"18":0,"19":3,"20":5,"21":5,"22":5,"23":5,"24":5,"25":1,"26":4,"27":4,"28":4,"29":3,"30":1,"31":1,"32":1,"33":1,"34":1,"35":0,"36":3,"37":5,"38":5,"39":5,"40":5,"41":0,"42":5,"43":5,"44":5,"45":3,"46":4,"47":4,"48":4,"49":4,"50":0,"51":4,"52":4,"53":4,"54":0,"55":4,"56":4,"57":0,"58":4,"59":4,"60":0,"61":3,"62":0,"63":0,"64":0,"65":0,"66":0,"67":0,"68":0,"69":0,"70":0,"71":0,"72":0,"73":0,"74":0,"75":0,"76":0,"77":0,"78":0,"79":0,"80":0,"81":0,"82":0,"83":3,"84":3,"85":3,"86":3,"87":3,"88":0,"89":3,"90":3,"91":3,"92":0,"93":0,"94":3,"95":3,"96":3,"97":2,"98":2,"99":2,"100":1,"101":1,"102":1,"103":3,"104":1,"105":1,"106":1,"107":0,"108":3},"f":{"0":0,"1":0,"2":5,"3":5,"4":5,"5":5,"6":4,"7":4,"8":0,"9":0,"10":0,"11":0,"12":0,"13":3,"14":3,"15":3,"16":3,"17":3},"b":{"0":[0,0],"1":[0,0],"2":[0],"3":[0],"4":[0,0],"5":[0,0],"6":[1],"7":[5,5],"8":[3],"9":[0,5],"10":[0],"11":[4,4],"12":[0],"13":[0],"14":[0,0],"15":[0],"16":[0],"17":[0,0],"18":[0,0],"19":[3,3],"20":[0],"21":[0],"22":[2],"23":[3,3]}}
,"C:\\Code\\webapp2\\src\\controllers\\comments_controller.ts": {"path":"C:\\Code\\webapp2\\src\\controllers\\comments_controller.ts","statementMap":{"0":{"start":{"line":2,"column":0},"end":{"line":2,"column":32}},"1":{"start":{"line":3,"column":0},"end":{"line":3,"column":46}},"2":{"start":{"line":4,"column":0},"end":{"line":4,"column":59}},"3":{"start":{"line":6,"column":13},"end":{"line":85,"column":2}},"4":{"start":{"line":8,"column":4},"end":{"line":14,"column":5}},"5":{"start":{"line":9,"column":25},"end":{"line":9,"column":35}},"6":{"start":{"line":10,"column":23},"end":{"line":10,"column":53}},"7":{"start":{"line":11,"column":6},"end":{"line":11,"column":37}},"8":{"start":{"line":13,"column":6},"end":{"line":13,"column":76}},"9":{"start":{"line":18,"column":4},"end":{"line":54,"column":5}},"10":{"start":{"line":19,"column":25},"end":{"line":19,"column":35}},"11":{"start":{"line":20,"column":34},"end":{"line":20,"column":42}},"12":{"start":{"line":23,"column":6},"end":{"line":25,"column":7}},"13":{"start":{"line":24,"column":8},"end":{"line":24,"column":84}},"14":{"start":{"line":28,"column":6},"end":{"line":30,"column":7}},"15":{"start":{"line":29,"column":8},"end":{"line":29,"column":74}},"16":{"start":{"line":33,"column":19},"end":{"line":33,"column":53}},"17":{"start":{"line":34,"column":6},"end":{"line":36,"column":7}},"18":{"start":{"line":35,"column":8},"end":{"line":35,"column":67}},"19":{"start":{"line":39,"column":25},"end":{"line":43,"column":8}},"20":{"start":{"line":44,"column":27},"end":{"line":44,"column":50}},"21":{"start":{"line":47,"column":6},"end":{"line":47,"column":43}},"22":{"start":{"line":48,"column":6},"end":{"line":48,"column":24}},"23":{"start":{"line":51,"column":6},"end":{"line":51,"column":41}},"24":{"start":{"line":53,"column":6},"end":{"line":53,"column":73}},"25":{"start":{"line":58,"column":4},"end":{"line":83,"column":5}},"26":{"start":{"line":59,"column":21},"end":{"line":59,"column":31}},"27":{"start":{"line":62,"column":22},"end":{"line":62,"column":48}},"28":{"start":{"line":63,"column":6},"end":{"line":65,"column":7}},"29":{"start":{"line":64,"column":8},"end":{"line":64,"column":70}},"30":{"start":{"line":68,"column":6},"end":{"line":68,"column":42}},"31":{"start":{"line":71,"column":19},"end":{"line":71,"column":61}},"32":{"start":{"line":72,"column":6},"end":{"line":78,"column":7}},"33":{"start":{"line":74,"column":8},"end":{"line":76,"column":10}},"34":{"start":{"line":75,"column":25},"end":{"line":75,"column":52}},"35":{"start":{"line":77,"column":8},"end":{"line":77,"column":26}},"36":{"start":{"line":80,"column":6},"end":{"line":80,"column":72}},"37":{"start":{"line":82,"column":6},"end":{"line":82,"column":73}}},"fnMap":{"0":{"name":"(anonymous_8)","decl":{"start":{"line":7,"column":8},"end":{"line":7,"column":27}},"loc":{"start":{"line":7,"column":36},"end":{"line":15,"column":null}}},"1":{"name":"(anonymous_10)","decl":{"start":{"line":17,"column":8},"end":{"line":17,"column":21}},"loc":{"start":{"line":17,"column":30},"end":{"line":55,"column":null}}},"2":{"name":"(anonymous_12)","decl":{"start":{"line":57,"column":8},"end":{"line":57,"column":21}},"loc":{"start":{"line":57,"column":30},"end":{"line":84,"column":null}}},"3":{"name":"(anonymous_14)","decl":{"start":{"line":75,"column":10},"end":{"line":75,"column":11}},"loc":{"start":{"line":75,"column":25},"end":{"line":75,"column":52}}}},"branchMap":{"0":{"loc":{"start":{"line":23,"column":6},"end":{"line":25,"column":7}},"type":"if","locations":[{"start":{"line":23,"column":6},"end":{"line":25,"column":7}}]},"1":{"loc":{"start":{"line":23,"column":10},"end":{"line":23,"column":29}},"type":"binary-expr","locations":[{"start":{"line":23,"column":10},"end":{"line":23,"column":17}},{"start":{"line":23,"column":21},"end":{"line":23,"column":29}}]},"2":{"loc":{"start":{"line":28,"column":6},"end":{"line":30,"column":7}},"type":"if","locations":[{"start":{"line":28,"column":6},"end":{"line":30,"column":7}}]},"3":{"loc":{"start":{"line":34,"column":6},"end":{"line":36,"column":7}},"type":"if","locations":[{"start":{"line":34,"column":6},"end":{"line":36,"column":7}}]},"4":{"loc":{"start":{"line":63,"column":6},"end":{"line":65,"column":7}},"type":"if","locations":[{"start":{"line":63,"column":6},"end":{"line":65,"column":7}}]},"5":{"loc":{"start":{"line":72,"column":6},"end":{"line":78,"column":7}},"type":"if","locations":[{"start":{"line":72,"column":6},"end":{"line":78,"column":7}}]}},"s":{"0":4,"1":4,"2":4,"3":4,"4":2,"5":2,"6":2,"7":2,"8":0,"9":3,"10":3,"11":3,"12":3,"13":0,"14":3,"15":1,"16":2,"17":2,"18":1,"19":1,"20":1,"21":1,"22":1,"23":1,"24":0,"25":5,"26":5,"27":5,"28":4,"29":1,"30":3,"31":3,"32":3,"33":2,"34":2,"35":2,"36":3,"37":1},"f":{"0":2,"1":3,"2":5,"3":2},"b":{"0":[0],"1":[3,3],"2":[1],"3":[1],"4":[1],"5":[2]}}
,"C:\\Code\\webapp2\\src\\controllers\\student_controller.ts": {"path":"C:\\Code\\webapp2\\src\\controllers\\student_controller.ts","statementMap":{"0":{"start":{"line":2,"column":0},"end":{"line":2,"column":50}},"1":{"start":{"line":3,"column":0},"end":{"line":3,"column":53}},"2":{"start":{"line":8,"column":4},"end":{"line":14,"column":5}},"3":{"start":{"line":9,"column":23},"end":{"line":9,"column":43}},"4":{"start":{"line":10,"column":6},"end":{"line":10,"column":37}},"5":{"start":{"line":12,"column":6},"end":{"line":12,"column":55}},"6":{"start":{"line":13,"column":6},"end":{"line":13,"column":56}},"7":{"start":{"line":18,"column":4},"end":{"line":28,"column":5}},"8":{"start":{"line":19,"column":21},"end":{"line":19,"column":31}},"9":{"start":{"line":20,"column":22},"end":{"line":20,"column":48}},"10":{"start":{"line":21,"column":6},"end":{"line":23,"column":7}},"11":{"start":{"line":22,"column":8},"end":{"line":22,"column":70}},"12":{"start":{"line":24,"column":6},"end":{"line":24,"column":36}},"13":{"start":{"line":26,"column":6},"end":{"line":26,"column":60}},"14":{"start":{"line":27,"column":6},"end":{"line":27,"column":56}},"15":{"start":{"line":32,"column":4},"end":{"line":56,"column":5}},"16":{"start":{"line":33,"column":26},"end":{"line":33,"column":34}},"17":{"start":{"line":36,"column":22},"end":{"line":37,"column":null}},"18":{"start":{"line":43,"column":27},"end":{"line":43,"column":47}},"19":{"start":{"line":45,"column":6},"end":{"line":48,"column":9}},"20":{"start":{"line":50,"column":6},"end":{"line":50,"column":54}},"21":{"start":{"line":51,"column":6},"end":{"line":55,"column":9}},"22":{"start":{"line":60,"column":19},"end":{"line":60,"column":40}},"23":{"start":{"line":61,"column":4},"end":{"line":63,"column":5}},"24":{"start":{"line":62,"column":6},"end":{"line":62,"column":62}},"25":{"start":{"line":64,"column":4},"end":{"line":77,"column":5}},"26":{"start":{"line":65,"column":21},"end":{"line":65,"column":31}},"27":{"start":{"line":66,"column":35},"end":{"line":66,"column":43}},"28":{"start":{"line":67,"column":22},"end":{"line":67,"column":48}},"29":{"start":{"line":68,"column":6},"end":{"line":70,"column":7}},"30":{"start":{"line":69,"column":8},"end":{"line":69,"column":70}},"31":{"start":{"line":71,"column":6},"end":{"line":71,"column":26}},"32":{"start":{"line":72,"column":6},"end":{"line":72,"column":27}},"33":{"start":{"line":73,"column":6},"end":{"line":73,"column":36}},"34":{"start":{"line":75,"column":6},"end":{"line":75,"column":54}},"35":{"start":{"line":76,"column":6},"end":{"line":76,"column":56}},"36":{"start":{"line":81,"column":4},"end":{"line":91,"column":5}},"37":{"start":{"line":82,"column":21},"end":{"line":82,"column":31}},"38":{"start":{"line":83,"column":22},"end":{"line":83,"column":57}},"39":{"start":{"line":84,"column":6},"end":{"line":86,"column":7}},"40":{"start":{"line":85,"column":8},"end":{"line":85,"column":70}},"41":{"start":{"line":87,"column":6},"end":{"line":87,"column":72}},"42":{"start":{"line":89,"column":6},"end":{"line":89,"column":54}},"43":{"start":{"line":90,"column":6},"end":{"line":90,"column":56}},"44":{"start":{"line":6,"column":0},"end":{"line":6,"column":13}}},"fnMap":{"0":{"name":"(anonymous_7)","decl":{"start":{"line":7,"column":2},"end":{"line":7,"column":8}},"loc":{"start":{"line":7,"column":46},"end":{"line":15,"column":null}}},"1":{"name":"(anonymous_9)","decl":{"start":{"line":17,"column":2},"end":{"line":17,"column":8}},"loc":{"start":{"line":17,"column":50},"end":{"line":29,"column":null}}},"2":{"name":"(anonymous_11)","decl":{"start":{"line":31,"column":2},"end":{"line":31,"column":8}},"loc":{"start":{"line":31,"column":56},"end":{"line":57,"column":null}}},"3":{"name":"(anonymous_13)","decl":{"start":{"line":59,"column":2},"end":{"line":59,"column":8}},"loc":{"start":{"line":59,"column":50},"end":{"line":78,"column":null}}},"4":{"name":"(anonymous_15)","decl":{"start":{"line":80,"column":2},"end":{"line":80,"column":8}},"loc":{"start":{"line":80,"column":53},"end":{"line":92,"column":null}}}},"branchMap":{"0":{"loc":{"start":{"line":21,"column":6},"end":{"line":23,"column":7}},"type":"if","locations":[{"start":{"line":21,"column":6},"end":{"line":23,"column":7}}]},"1":{"loc":{"start":{"line":61,"column":4},"end":{"line":63,"column":5}},"type":"if","locations":[{"start":{"line":61,"column":4},"end":{"line":63,"column":5}}]},"2":{"loc":{"start":{"line":68,"column":6},"end":{"line":70,"column":7}},"type":"if","locations":[{"start":{"line":68,"column":6},"end":{"line":70,"column":7}}]},"3":{"loc":{"start":{"line":84,"column":6},"end":{"line":86,"column":7}},"type":"if","locations":[{"start":{"line":84,"column":6},"end":{"line":86,"column":7}}]}},"s":{"0":4,"1":4,"2":6,"3":6,"4":5,"5":1,"6":1,"7":3,"8":3,"9":3,"10":2,"11":1,"12":1,"13":1,"14":1,"15":4,"16":4,"17":4,"18":0,"19":0,"20":4,"21":4,"22":2,"23":2,"24":0,"25":2,"26":2,"27":2,"28":2,"29":2,"30":0,"31":2,"32":2,"33":1,"34":1,"35":1,"36":3,"37":3,"38":3,"39":2,"40":1,"41":1,"42":1,"43":1,"44":4},"f":{"0":6,"1":3,"2":4,"3":2,"4":3},"b":{"0":[1],"1":[0],"2":[0],"3":[1]}}
,"C:\\Code\\webapp2\\src\\controllers\\student_post_controller.ts": {"path":"C:\\Code\\webapp2\\src\\controllers\\student_post_controller.ts","statementMap":{"0":{"start":{"line":2,"column":0},"end":{"line":2,"column":59}},"1":{"start":{"line":7,"column":8},"end":{"line":40,"column":9}},"2":{"start":{"line":8,"column":30},"end":{"line":8,"column":43}},"3":{"start":{"line":9,"column":12},"end":{"line":9,"column":null}},"4":{"start":{"line":11,"column":12},"end":{"line":16,"column":13}},"5":{"start":{"line":12,"column":16},"end":{"line":15,"column":19}},"6":{"start":{"line":18,"column":29},"end":{"line":22,"column":14}},"7":{"start":{"line":24,"column":25},"end":{"line":24,"column":50}},"8":{"start":{"line":25,"column":30},"end":{"line":25,"column":47}},"9":{"start":{"line":27,"column":34},"end":{"line":27,"column":83}},"10":{"start":{"line":29,"column":12},"end":{"line":32,"column":15}},"11":{"start":{"line":34,"column":12},"end":{"line":34,"column":65}},"12":{"start":{"line":35,"column":12},"end":{"line":39,"column":15}},"13":{"start":{"line":44,"column":8},"end":{"line":60,"column":9}},"14":{"start":{"line":45,"column":26},"end":{"line":47,"column":40}},"15":{"start":{"line":49,"column":12},"end":{"line":52,"column":15}},"16":{"start":{"line":54,"column":12},"end":{"line":54,"column":66}},"17":{"start":{"line":55,"column":12},"end":{"line":59,"column":15}},"18":{"start":{"line":64,"column":8},"end":{"line":86,"column":9}},"19":{"start":{"line":65,"column":25},"end":{"line":66,"column":50}},"20":{"start":{"line":68,"column":12},"end":{"line":73,"column":13}},"21":{"start":{"line":69,"column":16},"end":{"line":72,"column":19}},"22":{"start":{"line":75,"column":12},"end":{"line":78,"column":15}},"23":{"start":{"line":80,"column":12},"end":{"line":80,"column":65}},"24":{"start":{"line":81,"column":12},"end":{"line":85,"column":15}},"25":{"start":{"line":90,"column":8},"end":{"line":121,"column":9}},"26":{"start":{"line":91,"column":27},"end":{"line":91,"column":37}},"27":{"start":{"line":92,"column":31},"end":{"line":95,"column":14}},"28":{"start":{"line":97,"column":32},"end":{"line":101,"column":47}},"29":{"start":{"line":103,"column":12},"end":{"line":108,"column":13}},"30":{"start":{"line":104,"column":16},"end":{"line":107,"column":19}},"31":{"start":{"line":110,"column":12},"end":{"line":113,"column":15}},"32":{"start":{"line":115,"column":12},"end":{"line":115,"column":65}},"33":{"start":{"line":116,"column":12},"end":{"line":120,"column":15}},"34":{"start":{"line":125,"column":8},"end":{"line":147,"column":9}},"35":{"start":{"line":126,"column":27},"end":{"line":126,"column":37}},"36":{"start":{"line":127,"column":32},"end":{"line":127,"column":71}},"37":{"start":{"line":129,"column":12},"end":{"line":134,"column":13}},"38":{"start":{"line":130,"column":16},"end":{"line":133,"column":19}},"39":{"start":{"line":136,"column":12},"end":{"line":139,"column":15}},"40":{"start":{"line":141,"column":12},"end":{"line":141,"column":65}},"41":{"start":{"line":142,"column":12},"end":{"line":146,"column":15}},"42":{"start":{"line":5,"column":0},"end":{"line":5,"column":13}}},"fnMap":{"0":{"name":"(anonymous_7)","decl":{"start":{"line":6,"column":4},"end":{"line":6,"column":10}},"loc":{"start":{"line":6,"column":59},"end":{"line":41,"column":null}}},"1":{"name":"(anonymous_9)","decl":{"start":{"line":43,"column":4},"end":{"line":43,"column":10}},"loc":{"start":{"line":43,"column":53},"end":{"line":61,"column":null}}},"2":{"name":"(anonymous_11)","decl":{"start":{"line":63,"column":4},"end":{"line":63,"column":10}},"loc":{"start":{"line":63,"column":56},"end":{"line":87,"column":null}}},"3":{"name":"(anonymous_13)","decl":{"start":{"line":89,"column":4},"end":{"line":89,"column":10}},"loc":{"start":{"line":89,"column":52},"end":{"line":122,"column":null}}},"4":{"name":"(anonymous_15)","decl":{"start":{"line":124,"column":4},"end":{"line":124,"column":10}},"loc":{"start":{"line":124,"column":55},"end":{"line":148,"column":null}}}},"branchMap":{"0":{"loc":{"start":{"line":8,"column":30},"end":{"line":8,"column":43}},"type":"cond-expr","locations":[{"start":{"line":8,"column":38},"end":{"line":8,"column":40}},{"start":{"line":8,"column":38},"end":{"line":8,"column":43}}]},"1":{"loc":{"start":{"line":8,"column":30},"end":{"line":8,"column":40}},"type":"binary-expr","locations":[{"start":{"line":8,"column":30},"end":{"line":8,"column":40}},{"start":{"line":8,"column":38},"end":{"line":8,"column":40}}]},"2":{"loc":{"start":{"line":11,"column":12},"end":{"line":16,"column":13}},"type":"if","locations":[{"start":{"line":11,"column":12},"end":{"line":16,"column":13}}]},"3":{"loc":{"start":{"line":68,"column":12},"end":{"line":73,"column":13}},"type":"if","locations":[{"start":{"line":68,"column":12},"end":{"line":73,"column":13}}]},"4":{"loc":{"start":{"line":103,"column":12},"end":{"line":108,"column":13}},"type":"if","locations":[{"start":{"line":103,"column":12},"end":{"line":108,"column":13}}]},"5":{"loc":{"start":{"line":129,"column":12},"end":{"line":134,"column":13}},"type":"if","locations":[{"start":{"line":129,"column":12},"end":{"line":134,"column":13}}]}},"s":{"0":4,"1":1,"2":1,"3":1,"4":1,"5":0,"6":1,"7":1,"8":0,"9":0,"10":0,"11":1,"12":1,"13":2,"14":2,"15":1,"16":1,"17":1,"18":3,"19":3,"20":2,"21":1,"22":1,"23":1,"24":1,"25":3,"26":3,"27":3,"28":3,"29":2,"30":1,"31":1,"32":1,"33":1,"34":3,"35":3,"36":3,"37":2,"38":1,"39":1,"40":1,"41":1,"42":4},"f":{"0":1,"1":2,"2":3,"3":3,"4":3},"b":{"0":[0,1],"1":[1,1],"2":[0],"3":[1],"4":[1],"5":[1]}}
,"C:\\Code\\webapp2\\src\\models\\post_comments.ts": {"path":"C:\\Code\\webapp2\\src\\models\\post_comments.ts","statementMap":{"0":{"start":{"line":1,"column":0},"end":{"line":1,"column":32}},"1":{"start":{"line":3,"column":22},"end":{"line":21,"column":null}},"2":{"start":{"line":24,"column":16},"end":{"line":24,"column":56}},"3":{"start":{"line":26,"column":0},"end":{"line":26,"column":23}}},"fnMap":{},"branchMap":{},"s":{"0":4,"1":4,"2":4,"3":4},"f":{},"b":{}}
,"C:\\Code\\webapp2\\src\\models\\student.model.ts": {"path":"C:\\Code\\webapp2\\src\\models\\student.model.ts","statementMap":{"0":{"start":{"line":1,"column":0},"end":{"line":1,"column":54}},"1":{"start":{"line":9,"column":22},"end":{"line":21,"column":2}},"2":{"start":{"line":23,"column":13},"end":{"line":23,"column":74}}},"fnMap":{},"branchMap":{},"s":{"0":2,"1":2,"2":2},"f":{},"b":{}}
,"C:\\Code\\webapp2\\src\\models\\student_post.model.ts": {"path":"C:\\Code\\webapp2\\src\\models\\student_post.model.ts","statementMap":{"0":{"start":{"line":1,"column":0},"end":{"line":1,"column":54}},"1":{"start":{"line":12,"column":26},"end":{"line":37,"column":null}},"2":{"start":{"line":40,"column":13},"end":{"line":40,"column":90}}},"fnMap":{},"branchMap":{},"s":{"0":4,"1":4,"2":4},"f":{},"b":{}}
,"C:\\Code\\webapp2\\src\\models\\user_model.ts": {"path":"C:\\Code\\webapp2\\src\\models\\user_model.ts","statementMap":{"0":{"start":{"line":1,"column":0},"end":{"line":1,"column":32}},"1":{"start":{"line":11,"column":19},"end":{"line":27,"column":2}},"2":{"start":{"line":29,"column":0},"end":{"line":29,"column":57}}},"fnMap":{},"branchMap":{},"s":{"0":3,"1":3,"2":3},"f":{},"b":{}}
,"C:\\Code\\webapp2\\src\\routes\\auth_route.ts": {"path":"C:\\Code\\webapp2\\src\\routes\\auth_route.ts","statementMap":{"0":{"start":{"line":1,"column":0},"end":{"line":1,"column":30}},"1":{"start":{"line":2,"column":15},"end":{"line":2,"column":31}},"2":{"start":{"line":3,"column":0},"end":{"line":3,"column":60}},"3":{"start":{"line":63,"column":0},"end":{"line":63,"column":50}},"4":{"start":{"line":64,"column":0},"end":{"line":64,"column":52}},"5":{"start":{"line":108,"column":0},"end":{"line":108,"column":44}},"6":{"start":{"line":123,"column":0},"end":{"line":123,"column":45}},"7":{"start":{"line":124,"column":0},"end":{"line":124,"column":47}},"8":{"start":{"line":126,"column":0},"end":{"line":126,"column":22}}},"fnMap":{},"branchMap":{},"s":{"0":3,"1":3,"2":3,"3":3,"4":3,"5":3,"6":3,"7":3,"8":3},"f":{},"b":{}}
,"C:\\Code\\webapp2\\src\\routes\\comments_route.ts": {"path":"C:\\Code\\webapp2\\src\\routes\\comments_route.ts","statementMap":{"0":{"start":{"line":2,"column":0},"end":{"line":2,"column":30}},"1":{"start":{"line":3,"column":15},"end":{"line":3,"column":31}},"2":{"start":{"line":4,"column":0},"end":{"line":4,"column":72}},"3":{"start":{"line":5,"column":0},"end":{"line":5,"column":55}},"4":{"start":{"line":33,"column":0},"end":{"line":33,"column":63}},"5":{"start":{"line":72,"column":0},"end":{"line":72,"column":74}},"6":{"start":{"line":97,"column":0},"end":{"line":97,"column":72}},"7":{"start":{"line":99,"column":0},"end":{"line":99,"column":22}}},"fnMap":{},"branchMap":{},"s":{"0":3,"1":3,"2":3,"3":3,"4":3,"5":3,"6":3,"7":3},"f":{},"b":{}}
,"C:\\Code\\webapp2\\src\\routes\\file_route.ts": {"path":"C:\\Code\\webapp2\\src\\routes\\file_route.ts","statementMap":{"0":{"start":{"line":1,"column":0},"end":{"line":1,"column":30}},"1":{"start":{"line":2,"column":15},"end":{"line":2,"column":31}},"2":{"start":{"line":3,"column":0},"end":{"line":3,"column":28}},"3":{"start":{"line":6,"column":13},"end":{"line":6,"column":37}},"4":{"start":{"line":8,"column":16},"end":{"line":19,"column":2}},"5":{"start":{"line":10,"column":8},"end":{"line":10,"column":null}},"6":{"start":{"line":13,"column":20},"end":{"line":16,"column":22}},"7":{"start":{"line":17,"column":8},"end":{"line":17,"column":null}},"8":{"start":{"line":20,"column":15},"end":{"line":20,"column":43}},"9":{"start":{"line":22,"column":0},"end":{"line":25,"column":3}},"10":{"start":{"line":23,"column":4},"end":{"line":23,"column":null}},"11":{"start":{"line":24,"column":4},"end":{"line":24,"column":null}},"12":{"start":{"line":26,"column":0},"end":{"line":26,"column":16}}},"fnMap":{"0":{"name":"(anonymous_1)","decl":{"start":{"line":9,"column":17},"end":{"line":9,"column":27}},"loc":{"start":{"line":9,"column":40},"end":{"line":11,"column":5}}},"1":{"name":"(anonymous_2)","decl":{"start":{"line":12,"column":14},"end":{"line":12,"column":24}},"loc":{"start":{"line":12,"column":37},"end":{"line":18,"column":5}}},"2":{"name":"(anonymous_3)","decl":{"start":{"line":22,"column":40},"end":{"line":22,"column":50}},"loc":{"start":{"line":22,"column":58},"end":{"line":25,"column":1}}}},"branchMap":{},"s":{"0":3,"1":3,"2":3,"3":3,"4":3,"5":0,"6":0,"7":0,"8":3,"9":3,"10":0,"11":0,"12":3},"f":{"0":0,"1":0,"2":0},"b":{}}
,"C:\\Code\\webapp2\\src\\routes\\student_post_route.ts": {"path":"C:\\Code\\webapp2\\src\\routes\\student_post_route.ts","statementMap":{"0":{"start":{"line":1,"column":0},"end":{"line":1,"column":30}},"1":{"start":{"line":2,"column":15},"end":{"line":2,"column":31}},"2":{"start":{"line":3,"column":0},"end":{"line":3,"column":79}},"3":{"start":{"line":4,"column":0},"end":{"line":4,"column":55}},"4":{"start":{"line":38,"column":0},"end":{"line":38,"column":48}},"5":{"start":{"line":61,"column":0},"end":{"line":61,"column":54}},"6":{"start":{"line":95,"column":0},"end":{"line":95,"column":67}},"7":{"start":{"line":131,"column":0},"end":{"line":131,"column":66}},"8":{"start":{"line":156,"column":0},"end":{"line":156,"column":72}},"9":{"start":{"line":158,"column":0},"end":{"line":158,"column":22}}},"fnMap":{},"branchMap":{},"s":{"0":3,"1":3,"2":3,"3":3,"4":3,"5":3,"6":3,"7":3,"8":3,"9":3},"f":{},"b":{}}
,"C:\\Code\\webapp2\\src\\routes\\student_route.ts": {"path":"C:\\Code\\webapp2\\src\\routes\\student_route.ts","statementMap":{"0":{"start":{"line":1,"column":0},"end":{"line":1,"column":30}},"1":{"start":{"line":2,"column":15},"end":{"line":2,"column":31}},"2":{"start":{"line":3,"column":0},"end":{"line":3,"column":70}},"3":{"start":{"line":4,"column":0},"end":{"line":4,"column":55}},"4":{"start":{"line":45,"column":0},"end":{"line":45,"column":55}},"5":{"start":{"line":72,"column":0},"end":{"line":72,"column":62}},"6":{"start":{"line":105,"column":0},"end":{"line":105,"column":66}},"7":{"start":{"line":147,"column":0},"end":{"line":147,"column":62}},"8":{"start":{"line":174,"column":0},"end":{"line":174,"column":68}},"9":{"start":{"line":176,"column":0},"end":{"line":176,"column":22}}},"fnMap":{},"branchMap":{},"s":{"0":3,"1":3,"2":3,"3":3,"4":3,"5":3,"6":3,"7":3,"8":3,"9":3},"f":{},"b":{}}
}
