TN:
SF:src\app.ts
FN:12,(anonymous_1)
FN:13,(anonymous_2)
FN:15,(anonymous_3)
FN:16,(anonymous_4)
FN:18,(anonymous_5)
FN:22,(anonymous_6)
FNF:6
FNH:5
FNDA:3,(anonymous_1)
FNDA:3,(anonymous_2)
FNDA:3,(anonymous_3)
FNDA:0,(anonymous_4)
FNDA:3,(anonymous_5)
FNDA:22,(anonymous_6)
DA:1,3
DA:2,3
DA:3,3
DA:4,3
DA:5,3
DA:6,3
DA:7,3
DA:8,3
DA:9,3
DA:10,3
DA:12,3
DA:13,3
DA:14,3
DA:15,3
DA:16,3
DA:17,3
DA:18,3
DA:19,3
DA:20,3
DA:21,3
DA:22,3
DA:23,22
DA:24,22
DA:25,22
DA:26,22
DA:27,22
DA:29,3
DA:30,3
DA:31,3
DA:32,3
DA:33,3
DA:34,3
DA:35,3
DA:38,3
DA:41,3
LF:35
LH:35
BRF:0
BRH:0
end_of_record
TN:
SF:src\common\auth_middleware.ts
FN:11,(anonymous_1)
FN:19,(anonymous_2)
FNF:2
FNH:2
FNDA:10,(anonymous_1)
FNDA:8,(anonymous_2)
DA:2,3
DA:11,3
DA:12,10
DA:14,10
DA:15,10
DA:17,10
DA:18,10
DA:19,8
DA:20,8
DA:21,8
DA:22,6
DA:23,6
DA:27,3
LF:13
LH:13
BRDA:17,0,0,10
BRDA:17,0,1,8
BRDA:18,1,0,2
BRDA:21,2,0,2
BRF:4
BRH:4
end_of_record
TN:
SF:src\controllers\auth_controller.ts
FN:9,(anonymous_8)
FN:9,(anonymous_9)
FN:43,(anonymous_10)
FN:43,(anonymous_11)
FN:76,(anonymous_12)
FN:76,(anonymous_13)
FN:91,(anonymous_14)
FN:91,(anonymous_15)
FN:114,(anonymous_16)
FN:114,(anonymous_17)
FN:118,(anonymous_18)
FN:118,(anonymous_19)
FN:128,(anonymous_20)
FN:138,(anonymous_21)
FN:138,(anonymous_22)
FN:142,(anonymous_23)
FN:142,(anonymous_24)
FN:156,(anonymous_25)
FNF:18
FNH:11
FNDA:0,(anonymous_8)
FNDA:0,(anonymous_9)
FNDA:5,(anonymous_10)
FNDA:5,(anonymous_11)
FNDA:5,(anonymous_12)
FNDA:5,(anonymous_13)
FNDA:4,(anonymous_14)
FNDA:4,(anonymous_15)
FNDA:0,(anonymous_16)
FNDA:0,(anonymous_17)
FNDA:0,(anonymous_18)
FNDA:0,(anonymous_19)
FNDA:0,(anonymous_20)
FNDA:3,(anonymous_21)
FNDA:3,(anonymous_22)
FNDA:3,(anonymous_23)
FNDA:3,(anonymous_24)
FNDA:3,(anonymous_25)
DA:2,3
DA:3,3
DA:4,3
DA:5,3
DA:8,3
DA:9,3
DA:10,0
DA:11,0
DA:12,0
DA:16,0
DA:17,0
DA:18,0
DA:19,0
DA:20,0
DA:21,0
DA:28,0
DA:29,0
DA:38,0
DA:43,5
DA:44,5
DA:45,5
DA:46,5
DA:47,5
DA:48,1
DA:50,4
DA:51,4
DA:52,4
DA:53,3
DA:55,1
DA:56,1
DA:57,1
DA:63,1
DA:64,1
DA:72,0
DA:76,5
DA:77,5
DA:78,5
DA:79,5
DA:80,0
DA:82,5
DA:84,5
DA:85,5
DA:91,4
DA:92,4
DA:93,4
DA:94,4
DA:95,0
DA:97,4
DA:98,4
DA:99,4
DA:100,0
DA:102,4
DA:103,4
DA:104,0
DA:107,4
DA:108,4
DA:110,0
DA:114,3
DA:115,0
DA:116,0
DA:117,0
DA:118,0
DA:119,0
DA:120,0
DA:121,0
DA:122,0
DA:123,0
DA:124,0
DA:125,0
DA:126,0
DA:128,0
DA:129,0
DA:130,0
DA:133,0
DA:138,3
DA:139,3
DA:140,3
DA:141,3
DA:142,3
DA:143,3
DA:144,0
DA:145,0
DA:147,3
DA:148,3
DA:149,3
DA:150,2
DA:151,2
DA:152,2
DA:154,1
DA:155,1
DA:156,3
DA:157,1
DA:158,1
DA:159,1
DA:164,0
DA:169,3
LF:96
LH:59
BRDA:17,0,0,0
BRDA:17,0,1,0
BRDA:17,1,0,0
BRDA:17,1,1,0
BRDA:18,2,0,0
BRDA:20,3,0,0
BRDA:25,4,0,0
BRDA:25,4,1,0
BRDA:25,5,0,0
BRDA:25,5,1,0
BRDA:47,6,0,1
BRDA:47,7,0,5
BRDA:47,7,1,5
BRDA:52,8,0,3
BRDA:79,9,0,0
BRDA:79,9,1,5
BRDA:94,10,0,0
BRDA:94,11,0,4
BRDA:94,11,1,4
BRDA:99,12,0,0
BRDA:103,13,0,0
BRDA:116,14,0,0
BRDA:116,14,1,0
BRDA:117,15,0,0
BRDA:120,16,0,0
BRDA:123,17,0,0
BRDA:123,17,1,0
BRDA:123,18,0,0
BRDA:123,18,1,0
BRDA:140,19,0,3
BRDA:140,19,1,3
BRDA:141,20,0,0
BRDA:143,21,0,0
BRDA:149,22,0,2
BRDA:149,23,0,3
BRDA:149,23,1,3
BRF:36
BRH:12
end_of_record
TN:
SF:src\controllers\comments_controller.ts
FN:7,(anonymous_8)
FN:17,(anonymous_10)
FN:57,(anonymous_12)
FN:75,(anonymous_14)
FNF:4
FNH:4
FNDA:2,(anonymous_8)
FNDA:3,(anonymous_10)
FNDA:5,(anonymous_12)
FNDA:2,(anonymous_14)
DA:2,4
DA:3,4
DA:4,4
DA:6,4
DA:8,2
DA:9,2
DA:10,2
DA:11,2
DA:13,0
DA:18,3
DA:19,3
DA:20,3
DA:23,3
DA:24,0
DA:28,3
DA:29,1
DA:33,2
DA:34,2
DA:35,1
DA:39,1
DA:44,1
DA:47,1
DA:48,1
DA:51,1
DA:53,0
DA:58,5
DA:59,5
DA:62,5
DA:63,4
DA:64,1
DA:68,3
DA:71,3
DA:72,3
DA:74,2
DA:75,2
DA:77,2
DA:80,3
DA:82,1
LF:38
LH:35
BRDA:23,0,0,0
BRDA:23,1,0,3
BRDA:23,1,1,3
BRDA:28,2,0,1
BRDA:34,3,0,1
BRDA:63,4,0,1
BRDA:72,5,0,2
BRF:7
BRH:6
end_of_record
TN:
SF:src\controllers\student_controller.ts
FN:7,(anonymous_7)
FN:17,(anonymous_9)
FN:31,(anonymous_11)
FN:59,(anonymous_13)
FN:80,(anonymous_15)
FNF:5
FNH:5
FNDA:6,(anonymous_7)
FNDA:3,(anonymous_9)
FNDA:4,(anonymous_11)
FNDA:2,(anonymous_13)
FNDA:3,(anonymous_15)
DA:2,4
DA:3,4
DA:6,4
DA:8,6
DA:9,6
DA:10,5
DA:12,1
DA:13,1
DA:18,3
DA:19,3
DA:20,3
DA:21,2
DA:22,1
DA:24,1
DA:26,1
DA:27,1
DA:32,4
DA:33,4
DA:36,4
DA:43,0
DA:45,0
DA:50,4
DA:51,4
DA:60,2
DA:61,2
DA:62,0
DA:64,2
DA:65,2
DA:66,2
DA:67,2
DA:68,2
DA:69,0
DA:71,2
DA:72,2
DA:73,1
DA:75,1
DA:76,1
DA:81,3
DA:82,3
DA:83,3
DA:84,2
DA:85,1
DA:87,1
DA:89,1
DA:90,1
LF:45
LH:41
BRDA:21,0,0,1
BRDA:61,1,0,0
BRDA:68,2,0,0
BRDA:84,3,0,1
BRF:4
BRH:2
end_of_record
TN:
SF:src\controllers\student_post_controller.ts
FN:6,(anonymous_7)
FN:43,(anonymous_9)
FN:63,(anonymous_11)
FN:89,(anonymous_13)
FN:124,(anonymous_15)
FNF:5
FNH:5
FNDA:1,(anonymous_7)
FNDA:2,(anonymous_9)
FNDA:3,(anonymous_11)
FNDA:3,(anonymous_13)
FNDA:3,(anonymous_15)
DA:2,4
DA:5,4
DA:7,1
DA:8,1
DA:9,1
DA:11,1
DA:12,0
DA:18,1
DA:24,1
DA:25,0
DA:27,0
DA:29,0
DA:34,1
DA:35,1
DA:44,2
DA:45,2
DA:49,1
DA:54,1
DA:55,1
DA:64,3
DA:65,3
DA:68,2
DA:69,1
DA:75,1
DA:80,1
DA:81,1
DA:90,3
DA:91,3
DA:92,3
DA:97,3
DA:103,2
DA:104,1
DA:110,1
DA:115,1
DA:116,1
DA:125,3
DA:126,3
DA:127,3
DA:129,2
DA:130,1
DA:136,1
DA:141,1
DA:142,1
LF:43
LH:39
BRDA:8,0,0,0
BRDA:8,0,1,1
BRDA:8,1,0,1
BRDA:8,1,1,1
BRDA:11,2,0,0
BRDA:68,3,0,1
BRDA:103,4,0,1
BRDA:129,5,0,1
BRF:8
BRH:6
end_of_record
TN:
SF:src\models\post_comments.ts
FNF:0
FNH:0
DA:1,4
DA:3,4
DA:24,4
DA:26,4
LF:4
LH:4
BRF:0
BRH:0
end_of_record
TN:
SF:src\models\student.model.ts
FNF:0
FNH:0
DA:1,2
DA:9,2
DA:23,2
LF:3
LH:3
BRF:0
BRH:0
end_of_record
TN:
SF:src\models\student_post.model.ts
FNF:0
FNH:0
DA:1,4
DA:12,4
DA:40,4
LF:3
LH:3
BRF:0
BRH:0
end_of_record
TN:
SF:src\models\user_model.ts
FNF:0
FNH:0
DA:1,3
DA:11,3
DA:29,3
LF:3
LH:3
BRF:0
BRH:0
end_of_record
TN:
SF:src\routes\auth_route.ts
FNF:0
FNH:0
DA:1,3
DA:2,3
DA:3,3
DA:63,3
DA:64,3
DA:108,3
DA:123,3
DA:124,3
DA:126,3
LF:9
LH:9
BRF:0
BRH:0
end_of_record
TN:
SF:src\routes\comments_route.ts
FNF:0
FNH:0
DA:2,3
DA:3,3
DA:4,3
DA:5,3
DA:33,3
DA:72,3
DA:97,3
DA:99,3
LF:8
LH:8
BRF:0
BRH:0
end_of_record
TN:
SF:src\routes\file_route.ts
FN:9,(anonymous_1)
FN:12,(anonymous_2)
FN:22,(anonymous_3)
FNF:3
FNH:0
FNDA:0,(anonymous_1)
FNDA:0,(anonymous_2)
FNDA:0,(anonymous_3)
DA:1,3
DA:2,3
DA:3,3
DA:6,3
DA:8,3
DA:10,0
DA:13,0
DA:17,0
DA:20,3
DA:22,3
DA:23,0
DA:24,0
DA:26,3
LF:13
LH:8
BRF:0
BRH:0
end_of_record
TN:
SF:src\routes\student_post_route.ts
FNF:0
FNH:0
DA:1,3
DA:2,3
DA:3,3
DA:4,3
DA:38,3
DA:61,3
DA:95,3
DA:131,3
DA:156,3
DA:158,3
LF:10
LH:10
BRF:0
BRH:0
end_of_record
TN:
SF:src\routes\student_route.ts
FNF:0
FNH:0
DA:1,3
DA:2,3
DA:3,3
DA:4,3
DA:45,3
DA:72,3
DA:105,3
DA:147,3
DA:174,3
DA:176,3
LF:10
LH:10
BRF:0
BRH:0
end_of_record
