TN:
SF:src\app.ts
FN:11,(anonymous_1)
FN:12,(anonymous_2)
FN:14,(anonymous_3)
FN:15,(anonymous_4)
FN:17,(anonymous_5)
FN:21,(anonymous_6)
FNF:6
FNH:5
FNDA:2,(anonymous_1)
FNDA:2,(anonymous_2)
FNDA:2,(anonymous_3)
FNDA:0,(anonymous_4)
FNDA:2,(anonymous_5)
FNDA:17,(anonymous_6)
DA:1,2
DA:2,2
DA:3,2
DA:4,2
DA:5,2
DA:6,2
DA:7,2
DA:8,2
DA:9,2
DA:11,2
DA:12,2
DA:13,2
DA:14,2
DA:15,2
DA:16,2
DA:17,2
DA:18,2
DA:19,2
DA:20,2
DA:21,2
DA:22,17
DA:23,17
DA:24,17
DA:25,17
DA:26,17
DA:28,2
DA:29,2
DA:30,2
DA:31,2
DA:32,2
DA:33,2
DA:36,2
DA:39,2
LF:33
LH:33
BRF:0
BRH:0
end_of_record
TN:
SF:src\common\auth_middleware.ts
FN:11,(anonymous_1)
FN:19,(anonymous_2)
FNF:2
FNH:2
FNDA:8,(anonymous_1)
FNDA:7,(anonymous_2)
DA:2,2
DA:11,2
DA:12,8
DA:14,8
DA:15,8
DA:17,8
DA:18,8
DA:19,7
DA:20,7
DA:21,7
DA:22,5
DA:23,5
DA:27,2
LF:13
LH:13
BRDA:17,0,0,8
BRDA:17,0,1,7
BRDA:18,1,0,1
BRDA:21,2,0,2
BRF:4
BRH:4
end_of_record
TN:
SF:src\controllers\auth_controller.ts
FN:9,(anonymous_8)
FN:9,(anonymous_9)
FN:43,(anonymous_10)
FN:43,(anonymous_11)
FN:76,(anonymous_12)
FN:76,(anonymous_13)
FN:91,(anonymous_14)
FN:91,(anonymous_15)
FN:114,(anonymous_16)
FN:114,(anonymous_17)
FN:118,(anonymous_18)
FN:118,(anonymous_19)
FN:128,(anonymous_20)
FN:138,(anonymous_21)
FN:138,(anonymous_22)
FN:142,(anonymous_23)
FN:142,(anonymous_24)
FN:156,(anonymous_25)
FNF:18
FNH:11
FNDA:0,(anonymous_8)
FNDA:0,(anonymous_9)
FNDA:4,(anonymous_10)
FNDA:4,(anonymous_11)
FNDA:3,(anonymous_12)
FNDA:3,(anonymous_13)
FNDA:2,(anonymous_14)
FNDA:2,(anonymous_15)
FNDA:0,(anonymous_16)
FNDA:0,(anonymous_17)
FNDA:0,(anonymous_18)
FNDA:0,(anonymous_19)
FNDA:0,(anonymous_20)
FNDA:3,(anonymous_21)
FNDA:3,(anonymous_22)
FNDA:3,(anonymous_23)
FNDA:3,(anonymous_24)
FNDA:2,(anonymous_25)
DA:2,2
DA:3,2
DA:4,2
DA:5,2
DA:8,2
DA:9,2
DA:10,0
DA:11,0
DA:12,0
DA:16,0
DA:17,0
DA:18,0
DA:19,0
DA:20,0
DA:21,0
DA:28,0
DA:29,0
DA:38,0
DA:43,4
DA:44,4
DA:45,4
DA:46,4
DA:47,4
DA:48,1
DA:50,3
DA:51,3
DA:52,3
DA:53,2
DA:55,1
DA:56,1
DA:57,1
DA:63,1
DA:64,1
DA:72,0
DA:76,3
DA:77,3
DA:78,3
DA:79,3
DA:80,0
DA:82,3
DA:84,3
DA:85,3
DA:91,2
DA:92,2
DA:93,2
DA:94,2
DA:95,0
DA:97,2
DA:98,2
DA:99,2
DA:100,0
DA:102,2
DA:103,2
DA:104,0
DA:107,2
DA:108,2
DA:110,0
DA:114,2
DA:115,0
DA:116,0
DA:117,0
DA:118,0
DA:119,0
DA:120,0
DA:121,0
DA:122,0
DA:123,0
DA:124,0
DA:125,0
DA:126,0
DA:128,0
DA:129,0
DA:130,0
DA:133,0
DA:138,3
DA:139,3
DA:140,3
DA:141,3
DA:142,3
DA:143,3
DA:144,0
DA:145,0
DA:147,3
DA:148,3
DA:149,3
DA:150,2
DA:151,2
DA:152,2
DA:154,1
DA:155,1
DA:156,2
DA:157,1
DA:158,1
DA:159,1
DA:164,0
DA:169,2
LF:96
LH:59
BRDA:17,0,0,0
BRDA:17,0,1,0
BRDA:17,1,0,0
BRDA:17,1,1,0
BRDA:18,2,0,0
BRDA:20,3,0,0
BRDA:25,4,0,0
BRDA:25,4,1,0
BRDA:25,5,0,0
BRDA:25,5,1,0
BRDA:47,6,0,1
BRDA:47,7,0,4
BRDA:47,7,1,4
BRDA:52,8,0,2
BRDA:79,9,0,0
BRDA:79,9,1,3
BRDA:94,10,0,0
BRDA:94,11,0,2
BRDA:94,11,1,2
BRDA:99,12,0,0
BRDA:103,13,0,0
BRDA:116,14,0,0
BRDA:116,14,1,0
BRDA:117,15,0,0
BRDA:120,16,0,0
BRDA:123,17,0,0
BRDA:123,17,1,0
BRDA:123,18,0,0
BRDA:123,18,1,0
BRDA:140,19,0,3
BRDA:140,19,1,3
BRDA:141,20,0,0
BRDA:143,21,0,0
BRDA:149,22,0,2
BRDA:149,23,0,3
BRDA:149,23,1,3
BRF:36
BRH:12
end_of_record
TN:
SF:src\controllers\comments_controller.ts
FN:7,(anonymous_8)
FN:17,(anonymous_10)
FN:57,(anonymous_12)
FN:75,(anonymous_14)
FNF:4
FNH:0
FNDA:0,(anonymous_8)
FNDA:0,(anonymous_10)
FNDA:0,(anonymous_12)
FNDA:0,(anonymous_14)
DA:2,2
DA:3,2
DA:4,2
DA:6,2
DA:8,0
DA:9,0
DA:10,0
DA:11,0
DA:13,0
DA:18,0
DA:19,0
DA:20,0
DA:23,0
DA:24,0
DA:28,0
DA:29,0
DA:33,0
DA:34,0
DA:35,0
DA:39,0
DA:44,0
DA:47,0
DA:48,0
DA:51,0
DA:53,0
DA:58,0
DA:59,0
DA:62,0
DA:63,0
DA:64,0
DA:68,0
DA:71,0
DA:72,0
DA:74,0
DA:75,0
DA:77,0
DA:80,0
DA:82,0
LF:38
LH:4
BRDA:23,0,0,0
BRDA:23,1,0,0
BRDA:23,1,1,0
BRDA:28,2,0,0
BRDA:34,3,0,0
BRDA:63,4,0,0
BRDA:72,5,0,0
BRF:7
BRH:0
end_of_record
TN:
SF:src\controllers\student_controller.ts
FN:7,(anonymous_7)
FN:17,(anonymous_9)
FN:31,(anonymous_11)
FN:59,(anonymous_13)
FN:80,(anonymous_15)
FNF:5
FNH:2
FNDA:4,(anonymous_7)
FNDA:0,(anonymous_9)
FNDA:1,(anonymous_11)
FNDA:0,(anonymous_13)
FNDA:0,(anonymous_15)
DA:2,2
DA:3,2
DA:6,2
DA:8,4
DA:9,4
DA:10,4
DA:12,0
DA:13,0
DA:18,0
DA:19,0
DA:20,0
DA:21,0
DA:22,0
DA:24,0
DA:26,0
DA:27,0
DA:32,1
DA:33,1
DA:36,1
DA:43,1
DA:45,0
DA:50,1
DA:51,1
DA:60,0
DA:61,0
DA:62,0
DA:64,0
DA:65,0
DA:66,0
DA:67,0
DA:68,0
DA:69,0
DA:71,0
DA:72,0
DA:73,0
DA:75,0
DA:76,0
DA:81,0
DA:82,0
DA:83,0
DA:84,0
DA:85,0
DA:87,0
DA:89,0
DA:90,0
LF:45
LH:12
BRDA:21,0,0,0
BRDA:61,1,0,0
BRDA:68,2,0,0
BRDA:84,3,0,0
BRF:4
BRH:0
end_of_record
TN:
SF:src\controllers\student_post_controller.ts
FN:6,(anonymous_7)
FN:43,(anonymous_9)
FN:63,(anonymous_11)
FN:89,(anonymous_13)
FN:124,(anonymous_15)
FNF:5
FNH:0
FNDA:0,(anonymous_7)
FNDA:0,(anonymous_9)
FNDA:0,(anonymous_11)
FNDA:0,(anonymous_13)
FNDA:0,(anonymous_15)
DA:2,2
DA:5,2
DA:7,0
DA:8,0
DA:9,0
DA:11,0
DA:12,0
DA:18,0
DA:24,0
DA:25,0
DA:27,0
DA:29,0
DA:34,0
DA:35,0
DA:44,0
DA:45,0
DA:49,0
DA:54,0
DA:55,0
DA:64,0
DA:65,0
DA:68,0
DA:69,0
DA:75,0
DA:80,0
DA:81,0
DA:90,0
DA:91,0
DA:92,0
DA:97,0
DA:103,0
DA:104,0
DA:110,0
DA:115,0
DA:116,0
DA:125,0
DA:126,0
DA:127,0
DA:129,0
DA:130,0
DA:136,0
DA:141,0
DA:142,0
LF:43
LH:2
BRDA:8,0,0,0
BRDA:8,0,1,0
BRDA:8,1,0,0
BRDA:8,1,1,0
BRDA:11,2,0,0
BRDA:68,3,0,0
BRDA:103,4,0,0
BRDA:129,5,0,0
BRF:8
BRH:0
end_of_record
TN:
SF:src\models\post_comments.ts
FNF:0
FNH:0
DA:1,2
DA:3,2
DA:24,2
DA:26,2
LF:4
LH:4
BRF:0
BRH:0
end_of_record
TN:
SF:src\models\student.model.ts
FNF:0
FNH:0
DA:1,2
DA:9,2
DA:23,2
LF:3
LH:3
BRF:0
BRH:0
end_of_record
TN:
SF:src\models\student_model.ts
FNF:0
FNH:0
DA:1,1
DA:8,1
DA:18,1
LF:3
LH:3
BRF:0
BRH:0
end_of_record
TN:
SF:src\models\student_post.model.ts
FNF:0
FNH:0
DA:1,2
DA:12,2
DA:40,2
LF:3
LH:3
BRF:0
BRH:0
end_of_record
TN:
SF:src\models\user_model.ts
FNF:0
FNH:0
DA:1,2
DA:11,2
DA:29,2
LF:3
LH:3
BRF:0
BRH:0
end_of_record
TN:
SF:src\routes\auth_route.ts
FNF:0
FNH:0
DA:1,2
DA:2,2
DA:3,2
DA:63,2
DA:64,2
DA:108,2
DA:123,2
DA:124,2
DA:126,2
LF:9
LH:9
BRF:0
BRH:0
end_of_record
TN:
SF:src\routes\comments_route.ts
FNF:0
FNH:0
DA:2,2
DA:3,2
DA:4,2
DA:5,2
DA:33,2
DA:72,2
DA:97,2
DA:99,2
LF:8
LH:8
BRF:0
BRH:0
end_of_record
TN:
SF:src\routes\student_post_route.ts
FNF:0
FNH:0
DA:1,2
DA:2,2
DA:3,2
DA:4,2
DA:38,2
DA:61,2
DA:95,2
DA:131,2
DA:156,2
DA:158,2
LF:10
LH:10
BRF:0
BRH:0
end_of_record
TN:
SF:src\routes\student_route.ts
FNF:0
FNH:0
DA:1,2
DA:2,2
DA:3,2
DA:4,2
DA:45,2
DA:72,2
DA:105,2
DA:147,2
DA:174,2
DA:176,2
LF:10
LH:10
BRF:0
BRH:0
end_of_record
